n:\source\test\testgame\proj.win32\cmakefiles\generate.stamp
n:\source\test\testgame\proj.win32\engine\cocos\core\cmakefiles\generate.stamp
n:\source\test\testgame\proj.win32\engine\external\cmakefiles\generate.stamp
n:\source\test\testgame\proj.win32\engine\external\box2d\cmakefiles\generate.stamp
n:\source\test\testgame\proj.win32\engine\external\chipmunk\cmakefiles\generate.stamp
n:\source\test\testgame\proj.win32\engine\external\freetype2\cmakefiles\generate.stamp
n:\source\test\testgame\proj.win32\engine\external\recast\cmakefiles\generate.stamp
n:\source\test\testgame\proj.win32\engine\external\bullet\cmakefiles\generate.stamp
n:\source\test\testgame\proj.win32\engine\external\jpeg\cmakefiles\generate.stamp
n:\source\test\testgame\proj.win32\engine\external\openssl\cmakefiles\generate.stamp
n:\source\test\testgame\proj.win32\engine\external\uv\cmakefiles\generate.stamp
n:\source\test\testgame\proj.win32\engine\external\webp\cmakefiles\generate.stamp
n:\source\test\testgame\proj.win32\engine\external\websockets\cmakefiles\generate.stamp
n:\source\test\testgame\proj.win32\engine\external\tinyxml2\cmakefiles\generate.stamp
n:\source\test\testgame\proj.win32\engine\external\xxhash\cmakefiles\generate.stamp
n:\source\test\testgame\proj.win32\engine\external\xxtea\cmakefiles\generate.stamp
n:\source\test\testgame\proj.win32\engine\external\clipper\cmakefiles\generate.stamp
n:\source\test\testgame\proj.win32\engine\external\edtaa3func\cmakefiles\generate.stamp
n:\source\test\testgame\proj.win32\engine\external\convertutf\cmakefiles\generate.stamp
n:\source\test\testgame\proj.win32\engine\external\poly2tri\cmakefiles\generate.stamp
n:\source\test\testgame\proj.win32\engine\external\md5\cmakefiles\generate.stamp
n:\source\test\testgame\proj.win32\engine\external\curl\cmakefiles\generate.stamp
n:\source\test\testgame\proj.win32\engine\external\png\cmakefiles\generate.stamp
n:\source\test\testgame\proj.win32\engine\external\win32-specific\gles\cmakefiles\generate.stamp
n:\source\test\testgame\proj.win32\engine\external\win32-specific\icon\cmakefiles\generate.stamp
n:\source\test\testgame\proj.win32\engine\external\win32-specific\mp3decoder\cmakefiles\generate.stamp
n:\source\test\testgame\proj.win32\engine\external\win32-specific\oggdecoder\cmakefiles\generate.stamp
n:\source\test\testgame\proj.win32\engine\external\win32-specific\openalsoft\cmakefiles\generate.stamp
n:\source\test\testgame\proj.win32\engine\external\glfw3\cmakefiles\generate.stamp
n:\source\test\testgame\proj.win32\engine\external\zlib\cmakefiles\generate.stamp
n:\source\test\testgame\proj.win32\engine\external\unzip\cmakefiles\generate.stamp
n:\source\test\testgame\proj.win32\win32\debug\zero_check\zero_check.tlog\custombuild.command.1.tlog
n:\source\test\testgame\proj.win32\win32\debug\zero_check\zero_check.tlog\custombuild.read.1.tlog
n:\source\test\testgame\proj.win32\win32\debug\zero_check\zero_check.tlog\custombuild.write.1.tlog
