n:\source\test\testgame\proj.win32\engine\cocos\core\cocos2d.dir\debug\cocos2d.pch
n:\source\test\testgame\proj.win32\lib\debug\cocos2d.pdb
n:\source\test\testgame\proj.win32\engine\cocos\core\cocos2d.dir\debug\precheader.obj
n:\source\test\testgame\proj.win32\engine\cocos\core\cocos2d.dir\debug\ccactiongrid.obj
n:\source\test\testgame\proj.win32\engine\cocos\core\cocos2d.dir\debug\ccactiontiledgrid.obj
n:\source\test\testgame\proj.win32\engine\cocos\core\cocos2d.dir\debug\ccclippingrectanglenode.obj
n:\source\test\testgame\proj.win32\engine\cocos\core\cocos2d.dir\debug\ccfasttmxtiledmap.obj
n:\source\test\testgame\proj.win32\engine\cocos\core\cocos2d.dir\debug\cclabelatlas.obj
n:\source\test\testgame\proj.win32\engine\cocos\core\cocos2d.dir\debug\cclabeltextformatter.obj
n:\source\test\testgame\proj.win32\engine\cocos\core\cocos2d.dir\debug\ccspritebatchnode.obj
n:\source\test\testgame\proj.win32\engine\cocos\core\cocos2d.dir\debug\cctilemapatlas.obj
n:\source\test\testgame\proj.win32\engine\cocos\core\cocos2d.dir\debug\cctransitionpageturn.obj
n:\source\test\testgame\proj.win32\engine\cocos\core\cocos2d.dir\debug\ccbillboard.obj
n:\source\test\testgame\proj.win32\engine\cocos\core\cocos2d.dir\debug\ccmesh.obj
n:\source\test\testgame\proj.win32\engine\cocos\core\cocos2d.dir\debug\ccsprite3dmaterial.obj
n:\source\test\testgame\proj.win32\engine\cocos\core\cocos2d.dir\debug\ccglviewimpl-desktop.obj
n:\source\test\testgame\proj.win32\engine\cocos\core\cocos2d.dir\debug\ccphysicsworld.obj
n:\source\test\testgame\proj.win32\engine\cocos\core\cocos2d.dir\debug\ccphysics3dshape.obj
n:\source\test\testgame\proj.win32\engine\cocos\core\cocos2d.dir\debug\ccnavmeshutils.obj
n:\source\test\testgame\proj.win32\engine\cocos\core\cocos2d.dir\debug\cccallbackcommand.obj
n:\source\test\testgame\proj.win32\engine\cocos\core\cocos2d.dir\debug\ccmeshcommand.obj
n:\source\test\testgame\proj.win32\engine\cocos\core\cocos2d.dir\debug\ccrenderstate.obj
n:\source\test\testgame\proj.win32\engine\cocos\core\cocos2d.dir\debug\cctextureatlas.obj
n:\source\test\testgame\proj.win32\engine\cocos\core\cocos2d.dir\debug\cctextureutils.obj
n:\source\test\testgame\proj.win32\engine\cocos\core\cocos2d.dir\debug\ccshaders.obj
n:\source\test\testgame\proj.win32\engine\cocos\core\cocos2d.dir\debug\types.obj
n:\source\test\testgame\proj.win32\engine\cocos\core\cocos2d.dir\debug\programstate.obj
n:\source\test\testgame\proj.win32\engine\cocos\core\cocos2d.dir\debug\ccninepatchimageparser.obj
n:\source\test\testgame\proj.win32\engine\cocos\core\cocos2d.dir\debug\cceventacceleration.obj
n:\source\test\testgame\proj.win32\engine\cocos\core\cocos2d.dir\debug\cceventkeyboard.obj
n:\source\test\testgame\proj.win32\engine\cocos\core\cocos2d.dir\debug\cceventlistenerfocus.obj
n:\source\test\testgame\proj.win32\engine\cocos\core\cocos2d.dir\debug\cceventtouch.obj
n:\source\test\testgame\proj.win32\engine\cocos\core\cocos2d.dir\debug\ccscheduler.obj
n:\source\test\testgame\proj.win32\engine\cocos\core\cocos2d.dir\debug\ccfpsimages.obj
n:\source\test\testgame\proj.win32\engine\cocos\core\cocos2d.dir\debug\ccutils.obj
n:\source\test\testgame\proj.win32\engine\cocos\core\cocos2d.dir\debug\uicheckbox.obj
n:\source\test\testgame\proj.win32\engine\cocos\core\cocos2d.dir\debug\uilayoutparameter.obj
n:\source\test\testgame\proj.win32\engine\cocos\core\cocos2d.dir\debug\uirelativebox.obj
n:\source\test\testgame\proj.win32\engine\cocos\core\cocos2d.dir\debug\uitextfield.obj
n:\source\test\testgame\proj.win32\engine\cocos\core\cocos2d.dir\debug\httpclient.obj
n:\source\test\testgame\proj.win32\engine\cocos\core\cocos2d.dir\debug\ccactionframeeasing.obj
n:\source\test\testgame\proj.win32\engine\cocos\core\cocos2d.dir\debug\ccactionobject.obj
n:\source\test\testgame\proj.win32\engine\cocos\core\cocos2d.dir\debug\ccarmatureanimation.obj
n:\source\test\testgame\proj.win32\engine\cocos\core\cocos2d.dir\debug\ccdatareaderhelper.obj
n:\source\test\testgame\proj.win32\engine\cocos\core\cocos2d.dir\debug\triggermng.obj
n:\source\test\testgame\proj.win32\engine\cocos\core\cocos2d.dir\debug\checkboxreader.obj
n:\source\test\testgame\proj.win32\engine\cocos\core\cocos2d.dir\debug\bonenodereader.obj
n:\source\test\testgame\proj.win32\engine\cocos\core\cocos2d.dir\debug\buttonreader.obj
n:\source\test\testgame\proj.win32\engine\cocos\core\cocos2d.dir\debug\ccbonenode.obj
n:\source\test\testgame\proj.win32\engine\cocos\core\cocos2d.dir\debug\cceventassetsmanagerex.obj
n:\source\test\testgame\proj.win32\engine\cocos\core\cocos2d.dir\debug\cccontrol.obj
n:\source\test\testgame\proj.win32\engine\cocos\core\cocos2d.dir\debug\ccparticle3daffector.obj
n:\source\test\testgame\proj.win32\engine\cocos\core\cocos2d.dir\debug\ccpudynamicattributetranslator.obj
n:\source\test\testgame\proj.win32\engine\cocos\core\cocos2d.dir\debug\ccpuscriptlexer.obj
n:\source\test\testgame\proj.win32\engine\cocos\core\cocos2d.dir\debug\ccpusphere.obj
n:\source\test\testgame\proj.win32\engine\cocos\core\cocos2d.dir\debug\ccputechniquetranslator.obj
n:\source\test\testgame\proj.win32\engine\cocos\core\cocos2d.dir\debug\ccpuaffectormanager.obj
n:\source\test\testgame\proj.win32\engine\cocos\core\cocos2d.dir\debug\ccpuboxcollider.obj
n:\source\test\testgame\proj.win32\engine\cocos\core\cocos2d.dir\debug\ccpuflockcenteringaffectortranslator.obj
n:\source\test\testgame\proj.win32\engine\cocos\core\cocos2d.dir\debug\ccpujetaffector.obj
n:\source\test\testgame\proj.win32\engine\cocos\core\cocos2d.dir\debug\ccpuparticlefollowertranslator.obj
n:\source\test\testgame\proj.win32\engine\cocos\core\cocos2d.dir\debug\ccpuscalevelocityaffector.obj
n:\source\test\testgame\proj.win32\engine\cocos\core\cocos2d.dir\debug\ccputextureanimatortranslator.obj
n:\source\test\testgame\proj.win32\engine\cocos\core\cocos2d.dir\debug\ccpucircleemitter.obj
n:\source\test\testgame\proj.win32\engine\cocos\core\cocos2d.dir\debug\ccpumeshsurfaceemitter.obj
n:\source\test\testgame\proj.win32\engine\cocos\core\cocos2d.dir\debug\ccpuslaveemitter.obj
n:\source\test\testgame\proj.win32\engine\cocos\core\cocos2d.dir\debug\ccpudoaffectoreventhandlertranslator.obj
n:\source\test\testgame\proj.win32\engine\cocos\core\cocos2d.dir\debug\ccpudoexpireeventhandler.obj
n:\source\test\testgame\proj.win32\engine\cocos\core\cocos2d.dir\debug\ccpudoscaleeventhandlertranslator.obj
n:\source\test\testgame\proj.win32\engine\cocos\core\cocos2d.dir\debug\ccpuonclearobserver.obj
n:\source\test\testgame\proj.win32\engine\cocos\core\cocos2d.dir\debug\ccpuonemissionobserver.obj
n:\source\test\testgame\proj.win32\engine\cocos\core\cocos2d.dir\debug\ccpuonpositionobservertranslator.obj
n:\source\test\testgame\proj.win32\engine\cocos\core\cocos2d.dir\debug\ccpubehaviourmanager.obj
n:\source\test\testgame\proj.win32\engine\cocos\core\cocos2d.dir\debug\ccaction.obj
n:\source\test\testgame\proj.win32\engine\cocos\core\cocos2d.dir\debug\ccactionmanager.obj
n:\source\test\testgame\proj.win32\engine\cocos\core\cocos2d.dir\debug\ccclippingnode.obj
n:\source\test\testgame\proj.win32\engine\cocos\core\cocos2d.dir\debug\ccfontfreetype.obj
n:\source\test\testgame\proj.win32\engine\cocos\core\cocos2d.dir\debug\cclight.obj
n:\source\test\testgame\proj.win32\engine\cocos\core\cocos2d.dir\debug\ccnodegrid.obj
n:\source\test\testgame\proj.win32\engine\cocos\core\cocos2d.dir\debug\ccparticleexamples.obj
n:\source\test\testgame\proj.win32\engine\cocos\core\cocos2d.dir\debug\ccprogresstimer.obj
n:\source\test\testgame\proj.win32\engine\cocos\core\cocos2d.dir\debug\ccautopolygon.obj
n:\source\test\testgame\proj.win32\engine\cocos\core\cocos2d.dir\debug\ccanimate3d.obj
n:\source\test\testgame\proj.win32\engine\cocos\core\cocos2d.dir\debug\ccterrain.obj
n:\source\test\testgame\proj.win32\engine\cocos\core\cocos2d.dir\debug\ccphysicsbody.obj
n:\source\test\testgame\proj.win32\engine\cocos\core\cocos2d.dir\debug\ccphysics3d.obj
n:\source\test\testgame\proj.win32\engine\cocos\core\cocos2d.dir\debug\ccphysicssprite3d.obj
n:\source\test\testgame\proj.win32\engine\cocos\core\cocos2d.dir\debug\ccmaterial.obj
n:\source\test\testgame\proj.win32\engine\cocos\core\cocos2d.dir\debug\cctrianglescommand.obj
n:\source\test\testgame\proj.win32\engine\cocos\core\cocos2d.dir\debug\device.obj
n:\source\test\testgame\proj.win32\engine\cocos\core\cocos2d.dir\debug\programcache.obj
n:\source\test\testgame\proj.win32\engine\cocos\core\cocos2d.dir\debug\shadermodulegl.obj
n:\source\test\testgame\proj.win32\engine\cocos\core\cocos2d.dir\debug\ccasynctaskpool.obj
n:\source\test\testgame\proj.win32\engine\cocos\core\cocos2d.dir\debug\ccdirector.obj
n:\source\test\testgame\proj.win32\engine\cocos\core\cocos2d.dir\debug\cceventlistenermouse.obj
n:\source\test\testgame\proj.win32\engine\cocos\core\cocos2d.dir\debug\ccref.obj
n:\source\test\testgame\proj.win32\engine\cocos\core\cocos2d.dir\debug\cctouch.obj
n:\source\test\testgame\proj.win32\engine\cocos\core\cocos2d.dir\debug\objectfactory.obj
n:\source\test\testgame\proj.win32\engine\cocos\core\cocos2d.dir\debug\cccarray.obj
n:\source\test\testgame\proj.win32\engine\cocos\core\cocos2d.dir\debug\ccutf8.obj
n:\source\test\testgame\proj.win32\engine\cocos\core\cocos2d.dir\debug\audiodecoder.obj
n:\source\test\testgame\proj.win32\engine\cocos\core\cocos2d.dir\debug\audiodecodermp3.obj
n:\source\test\testgame\proj.win32\engine\cocos\core\cocos2d.dir\debug\uieditboximpl-win32.obj
n:\source\test\testgame\proj.win32\engine\cocos\core\cocos2d.dir\debug\uihbox.obj
n:\source\test\testgame\proj.win32\engine\cocos\core\cocos2d.dir\debug\uilistview.obj
n:\source\test\testgame\proj.win32\engine\cocos\core\cocos2d.dir\debug\uitext.obj
n:\source\test\testgame\proj.win32\engine\cocos\core\cocos2d.dir\debug\uivbox.obj
n:\source\test\testgame\proj.win32\engine\cocos\core\cocos2d.dir\debug\socketio.obj
n:\source\test\testgame\proj.win32\engine\cocos\core\cocos2d.dir\debug\ccarmature.obj
n:\source\test\testgame\proj.win32\engine\cocos\core\cocos2d.dir\debug\ccdisplayfactory.obj
n:\source\test\testgame\proj.win32\engine\cocos\core\cocos2d.dir\debug\ccskin.obj
n:\source\test\testgame\proj.win32\engine\cocos\core\cocos2d.dir\debug\localizationmanager.obj
n:\source\test\testgame\proj.win32\engine\cocos\core\cocos2d.dir\debug\nodereader.obj
n:\source\test\testgame\proj.win32\engine\cocos\core\cocos2d.dir\debug\projectnodereader.obj
n:\source\test\testgame\proj.win32\engine\cocos\core\cocos2d.dir\debug\sliderreader.obj
n:\source\test\testgame\proj.win32\engine\cocos\core\cocos2d.dir\debug\skeletonnodereader.obj
n:\source\test\testgame\proj.win32\engine\cocos\core\cocos2d.dir\debug\light3dreader.obj
n:\source\test\testgame\proj.win32\engine\cocos\core\cocos2d.dir\debug\cctimeline.obj
n:\source\test\testgame\proj.win32\engine\cocos\core\cocos2d.dir\debug\ccskinnode.obj
n:\source\test\testgame\proj.win32\engine\cocos\core\cocos2d.dir\debug\armaturenodereader.obj
n:\source\test\testgame\proj.win32\engine\cocos\core\cocos2d.dir\debug\cccontrolbutton.obj
n:\source\test\testgame\proj.win32\engine\cocos\core\cocos2d.dir\debug\ccparticlesystem3d.obj
n:\source\test\testgame\proj.win32\engine\cocos\core\cocos2d.dir\debug\ccpurenderertranslator.obj
n:\source\test\testgame\proj.win32\engine\cocos\core\cocos2d.dir\debug\ccpuaffector.obj
n:\source\test\testgame\proj.win32\engine\cocos\core\cocos2d.dir\debug\ccpubaseforceaffector.obj
n:\source\test\testgame\proj.win32\engine\cocos\core\cocos2d.dir\debug\ccpucoloraffectortranslator.obj
n:\source\test\testgame\proj.win32\engine\cocos\core\cocos2d.dir\debug\ccpugravityaffectortranslator.obj
n:\source\test\testgame\proj.win32\engine\cocos\core\cocos2d.dir\debug\ccpuparticlefollower.obj
n:\source\test\testgame\proj.win32\engine\cocos\core\cocos2d.dir\debug\ccpurandomiser.obj
n:\source\test\testgame\proj.win32\engine\cocos\core\cocos2d.dir\debug\ccpusineforceaffector.obj
n:\source\test\testgame\proj.win32\engine\cocos\core\cocos2d.dir\debug\ccputexturerotatortranslator.obj
n:\source\test\testgame\proj.win32\engine\cocos\core\cocos2d.dir\debug\ccpuemitter.obj
n:\source\test\testgame\proj.win32\engine\cocos\core\cocos2d.dir\debug\ccpupositionemitter.obj
n:\source\test\testgame\proj.win32\engine\cocos\core\cocos2d.dir\debug\ccpurender.obj
n:\source\test\testgame\proj.win32\engine\cocos\core\cocos2d.dir\debug\ccpudofreezeeventhandlertranslator.obj
n:\source\test\testgame\proj.win32\engine\cocos\core\cocos2d.dir\debug\ccpueventhandlermanager.obj
n:\source\test\testgame\proj.win32\engine\cocos\core\cocos2d.dir\debug\ccpuoncollisionobservertranslator.obj
n:\source\test\testgame\proj.win32\engine\cocos\core\cocos2d.dir\debug\ccpuonexpireobservertranslator.obj
n:\source\test\testgame\proj.win32\engine\cocos\core\cocos2d.dir\debug\ccpuonvelocityobserver.obj
n:\source\test\testgame\proj.win32\engine\cocos\core\cocos2d.dir\debug\ccactiongrid3d.obj
n:\source\test\testgame\proj.win32\engine\cocos\core\cocos2d.dir\debug\ccactionprogresstimer.obj
n:\source\test\testgame\proj.win32\engine\cocos\core\cocos2d.dir\debug\ccatlasnode.obj
n:\source\test\testgame\proj.win32\engine\cocos\core\cocos2d.dir\debug\cccomponentcontainer.obj
n:\source\test\testgame\proj.win32\engine\cocos\core\cocos2d.dir\debug\ccfontfnt.obj
n:\source\test\testgame\proj.win32\engine\cocos\core\cocos2d.dir\debug\ccnode.obj
n:\source\test\testgame\proj.win32\engine\cocos\core\cocos2d.dir\debug\cctmxtiledmap.obj
n:\source\test\testgame\proj.win32\engine\cocos\core\cocos2d.dir\debug\ccanimation3d.obj
n:\source\test\testgame\proj.win32\engine\cocos\core\cocos2d.dir\debug\ccobb.obj
n:\source\test\testgame\proj.win32\engine\cocos\core\cocos2d.dir\debug\ccray.obj
n:\source\test\testgame\proj.win32\engine\cocos\core\cocos2d.dir\debug\ccsprite3d.obj
n:\source\test\testgame\proj.win32\engine\cocos\core\cocos2d.dir\debug\ccphysicsshape.obj
n:\source\test\testgame\proj.win32\engine\cocos\core\cocos2d.dir\debug\ccphysics3ddebugdrawer.obj
n:\source\test\testgame\proj.win32\engine\cocos\core\cocos2d.dir\debug\vec2.obj
n:\source\test\testgame\proj.win32\engine\cocos\core\cocos2d.dir\debug\ccnavmeshagent.obj
n:\source\test\testgame\proj.win32\engine\cocos\core\cocos2d.dir\debug\cccustomcommand.obj
n:\source\test\testgame\proj.win32\engine\cocos\core\cocos2d.dir\debug\ccquadcommand.obj
n:\source\test\testgame\proj.win32\engine\cocos\core\cocos2d.dir\debug\cctexture2d.obj
n:\source\test\testgame\proj.win32\engine\cocos\core\cocos2d.dir\debug\buffergl.obj
n:\source\test\testgame\proj.win32\engine\cocos\core\cocos2d.dir\debug\renderpipelinegl.obj
n:\source\test\testgame\proj.win32\engine\cocos\core\cocos2d.dir\debug\ccautoreleasepool.obj
n:\source\test\testgame\proj.win32\engine\cocos\core\cocos2d.dir\debug\cceventcontroller.obj
n:\source\test\testgame\proj.win32\engine\cocos\core\cocos2d.dir\debug\cceventfocus.obj
n:\source\test\testgame\proj.win32\engine\cocos\core\cocos2d.dir\debug\cceventlistenercontroller.obj
n:\source\test\testgame\proj.win32\engine\cocos\core\cocos2d.dir\debug\ccprofiling.obj
n:\source\test\testgame\proj.win32\engine\cocos\core\cocos2d.dir\debug\ccstencilstatemanager.obj
n:\source\test\testgame\proj.win32\engine\cocos\core\cocos2d.dir\debug\cctypes.obj
n:\source\test\testgame\proj.win32\engine\cocos\core\cocos2d.dir\debug\pvr.obj
n:\source\test\testgame\proj.win32\engine\cocos\core\cocos2d.dir\debug\cccontroller-linux-win32.obj
n:\source\test\testgame\proj.win32\engine\cocos\core\cocos2d.dir\debug\uiscrollview.obj
n:\source\test\testgame\proj.win32\engine\cocos\core\cocos2d.dir\debug\uitabcontrol.obj
n:\source\test\testgame\proj.win32\engine\cocos\core\cocos2d.dir\debug\simpleaudioengine.obj
n:\source\test\testgame\proj.win32\engine\cocos\core\cocos2d.dir\debug\ccactionmanagerex.obj
n:\source\test\testgame\proj.win32\engine\cocos\core\cocos2d.dir\debug\ccarmaturedatamanager.obj
n:\source\test\testgame\proj.win32\engine\cocos\core\cocos2d.dir\debug\ccinputdelegate.obj
n:\source\test\testgame\proj.win32\engine\cocos\core\cocos2d.dir\debug\cctween.obj
n:\source\test\testgame\proj.win32\engine\cocos\core\cocos2d.dir\debug\flatbuffersserialize.obj
n:\source\test\testgame\proj.win32\engine\cocos\core\cocos2d.dir\debug\textreader.obj
n:\source\test\testgame\proj.win32\engine\cocos\core\cocos2d.dir\debug\textbmfontreader.obj
n:\source\test\testgame\proj.win32\engine\cocos\core\cocos2d.dir\debug\ccactiontimeline.obj
n:\source\test\testgame\proj.win32\engine\cocos\core\cocos2d.dir\debug\assetsmanagerex.obj
n:\source\test\testgame\proj.win32\engine\cocos\core\cocos2d.dir\debug\ccscrollview.obj
n:\source\test\testgame\proj.win32\engine\cocos\core\cocos2d.dir\debug\ccpuplane.obj
n:\source\test\testgame\proj.win32\engine\cocos\core\cocos2d.dir\debug\ccpuscriptparser.obj
n:\source\test\testgame\proj.win32\engine\cocos\core\cocos2d.dir\debug\ccputranslatemanager.obj
n:\source\test\testgame\proj.win32\engine\cocos\core\cocos2d.dir\debug\ccpubasecollidertranslator.obj
n:\source\test\testgame\proj.win32\engine\cocos\core\cocos2d.dir\debug\ccpuboxcollidertranslator.obj
n:\source\test\testgame\proj.win32\engine\cocos\core\cocos2d.dir\debug\ccpugeometryrotatortranslator.obj
n:\source\test\testgame\proj.win32\engine\cocos\core\cocos2d.dir\debug\ccpulineaffector.obj
n:\source\test\testgame\proj.win32\engine\cocos\core\cocos2d.dir\debug\ccpuplanecollider.obj
n:\source\test\testgame\proj.win32\engine\cocos\core\cocos2d.dir\debug\ccpuscalevelocityaffectortranslator.obj
n:\source\test\testgame\proj.win32\engine\cocos\core\cocos2d.dir\debug\ccpuvelocitymatchingaffector.obj
n:\source\test\testgame\proj.win32\engine\cocos\core\cocos2d.dir\debug\ccpucircleemittertranslator.obj
n:\source\test\testgame\proj.win32\engine\cocos\core\cocos2d.dir\debug\ccpupointemitter.obj
n:\source\test\testgame\proj.win32\engine\cocos\core\cocos2d.dir\debug\ccpuspheresurfaceemittertranslator.obj
n:\source\test\testgame\proj.win32\engine\cocos\core\cocos2d.dir\debug\ccpudoaffectoreventhandler.obj
n:\source\test\testgame\proj.win32\engine\cocos\core\cocos2d.dir\debug\ccpudoenablecomponenteventhandlertranslator.obj
n:\source\test\testgame\proj.win32\engine\cocos\core\cocos2d.dir\debug\ccpudostopsystemeventhandlertranslator.obj
n:\source\test\testgame\proj.win32\engine\cocos\core\cocos2d.dir\debug\ccpuoncollisionobserver.obj
n:\source\test\testgame\proj.win32\engine\cocos\core\cocos2d.dir\debug\ccpuoneventflagobservertranslator.obj
n:\source\test\testgame\proj.win32\engine\cocos\core\cocos2d.dir\debug\ccpuontimeobserver.obj
n:\source\test\testgame\proj.win32\engine\cocos\core\cocos2d.dir\debug\ccpuslavebehaviour.obj
n:\source\test\testgame\proj.win32\engine\cocos\core\cocos2d.dir\debug\ccactioncatmullrom.obj
n:\source\test\testgame\proj.win32\engine\cocos\core\cocos2d.dir\debug\ccanimation.obj
n:\source\test\testgame\proj.win32\engine\cocos\core\cocos2d.dir\debug\ccdrawnode.obj
n:\source\test\testgame\proj.win32\engine\cocos\core\cocos2d.dir\debug\ccfont.obj
n:\source\test\testgame\proj.win32\engine\cocos\core\cocos2d.dir\debug\ccgrid.obj
n:\source\test\testgame\proj.win32\engine\cocos\core\cocos2d.dir\debug\cclayer.obj
n:\source\test\testgame\proj.win32\engine\cocos\core\cocos2d.dir\debug\ccparticlesystem.obj
n:\source\test\testgame\proj.win32\engine\cocos\core\cocos2d.dir\debug\ccsprite.obj
n:\source\test\testgame\proj.win32\engine\cocos\core\cocos2d.dir\debug\cctmxxmlparser.obj
n:\source\test\testgame\proj.win32\engine\cocos\core\cocos2d.dir\debug\ccmotionstreak3d.obj
n:\source\test\testgame\proj.win32\engine\cocos\core\cocos2d.dir\debug\ccplane.obj
n:\source\test\testgame\proj.win32\engine\cocos\core\cocos2d.dir\debug\ccskybox.obj
n:\source\test\testgame\proj.win32\engine\cocos\core\cocos2d.dir\debug\ccstdc-win32.obj
n:\source\test\testgame\proj.win32\engine\cocos\core\cocos2d.dir\debug\ccutils-win32.obj
n:\source\test\testgame\proj.win32\engine\cocos\core\cocos2d.dir\debug\cccommon-win32.obj
n:\source\test\testgame\proj.win32\engine\cocos\core\cocos2d.dir\debug\ccapplication-win32.obj
n:\source\test\testgame\proj.win32\engine\cocos\core\cocos2d.dir\debug\ccimage.obj
n:\source\test\testgame\proj.win32\engine\cocos\core\cocos2d.dir\debug\ccphysics3dconstraint.obj
n:\source\test\testgame\proj.win32\engine\cocos\core\cocos2d.dir\debug\ccvertex.obj
n:\source\test\testgame\proj.win32\engine\cocos\core\cocos2d.dir\debug\mathutil.obj
n:\source\test\testgame\proj.win32\engine\cocos\core\cocos2d.dir\debug\quaternion.obj
n:\source\test\testgame\proj.win32\engine\cocos\core\cocos2d.dir\debug\vec3.obj
n:\source\test\testgame\proj.win32\engine\cocos\core\cocos2d.dir\debug\ccnavmeshdebugdraw.obj
n:\source\test\testgame\proj.win32\engine\cocos\core\cocos2d.dir\debug\cctechnique.obj
n:\source\test\testgame\proj.win32\engine\cocos\core\cocos2d.dir\debug\commandbuffer.obj
n:\source\test\testgame\proj.win32\engine\cocos\core\cocos2d.dir\debug\texture.obj
n:\source\test\testgame\proj.win32\engine\cocos\core\cocos2d.dir\debug\renderpassdescriptor.obj
n:\source\test\testgame\proj.win32\engine\cocos\core\cocos2d.dir\debug\commandbuffergl.obj
n:\source\test\testgame\proj.win32\engine\cocos\core\cocos2d.dir\debug\ccdata.obj
n:\source\test\testgame\proj.win32\engine\cocos\core\cocos2d.dir\debug\ccevent.obj
n:\source\test\testgame\proj.win32\engine\cocos\core\cocos2d.dir\debug\cceventdispatcher.obj
n:\source\test\testgame\proj.win32\engine\cocos\core\cocos2d.dir\debug\audioengine-win32.obj
n:\source\test\testgame\proj.win32\engine\cocos\core\cocos2d.dir\debug\uilayout.obj
n:\source\test\testgame\proj.win32\engine\cocos\core\cocos2d.dir\debug\uitextbmfont.obj
n:\source\test\testgame\proj.win32\engine\cocos\core\cocos2d.dir\debug\uieditboximpl-common.obj
n:\source\test\testgame\proj.win32\engine\cocos\core\cocos2d.dir\debug\ccdownloader.obj
n:\source\test\testgame\proj.win32\engine\cocos\core\cocos2d.dir\debug\uri.obj
n:\source\test\testgame\proj.win32\engine\cocos\core\cocos2d.dir\debug\cccomaudio.obj
n:\source\test\testgame\proj.win32\engine\cocos\core\cocos2d.dir\debug\ccdisplaymanager.obj
n:\source\test\testgame\proj.win32\engine\cocos\core\cocos2d.dir\debug\ccspriteframecachehelper.obj
n:\source\test\testgame\proj.win32\engine\cocos\core\cocos2d.dir\debug\dictionaryhelper.obj
n:\source\test\testgame\proj.win32\engine\cocos\core\cocos2d.dir\debug\triggerobj.obj
n:\source\test\testgame\proj.win32\engine\cocos\core\cocos2d.dir\debug\comaudioreader.obj
n:\source\test\testgame\proj.win32\engine\cocos\core\cocos2d.dir\debug\pageviewreader.obj
n:\source\test\testgame\proj.win32\engine\cocos\core\cocos2d.dir\debug\textatlasreader.obj
n:\source\test\testgame\proj.win32\engine\cocos\core\cocos2d.dir\debug\ccactiontimelinecache.obj
n:\source\test\testgame\proj.win32\engine\cocos\core\cocos2d.dir\debug\cccontrolcolourpicker.obj
n:\source\test\testgame\proj.win32\engine\cocos\core\cocos2d.dir\debug\cccontrolslider.obj
n:\source\test\testgame\proj.win32\engine\cocos\core\cocos2d.dir\debug\cccontrolutils.obj
n:\source\test\testgame\proj.win32\engine\cocos\core\cocos2d.dir\debug\cctableviewcell.obj
n:\source\test\testgame\proj.win32\engine\cocos\core\cocos2d.dir\debug\ccparticle3demitter.obj
n:\source\test\testgame\proj.win32\engine\cocos\core\cocos2d.dir\debug\ccparticle3drender.obj
n:\source\test\testgame\proj.win32\engine\cocos\core\cocos2d.dir\debug\ccpuscripttranslator.obj
n:\source\test\testgame\proj.win32\engine\cocos\core\cocos2d.dir\debug\ccpualignaffector.obj
n:\source\test\testgame\proj.win32\engine\cocos\core\cocos2d.dir\debug\ccpubaseforceaffectortranslator.obj
n:\source\test\testgame\proj.win32\engine\cocos\core\cocos2d.dir\debug\ccpugeometryrotator.obj
n:\source\test\testgame\proj.win32\engine\cocos\core\cocos2d.dir\debug\ccpujetaffectortranslator.obj
n:\source\test\testgame\proj.win32\engine\cocos\core\cocos2d.dir\debug\ccpuplanecollidertranslator.obj
n:\source\test\testgame\proj.win32\engine\cocos\core\cocos2d.dir\debug\ccpuspherecollidertranslator.obj
n:\source\test\testgame\proj.win32\engine\cocos\core\cocos2d.dir\debug\ccpuboxemitter.obj
n:\source\test\testgame\proj.win32\engine\cocos\core\cocos2d.dir\debug\ccpulineemitter.obj
n:\source\test\testgame\proj.win32\engine\cocos\core\cocos2d.dir\debug\ccpupositionemittertranslator.obj
n:\source\test\testgame\proj.win32\engine\cocos\core\cocos2d.dir\debug\ccpubillboardchain.obj
n:\source\test\testgame\proj.win32\engine\cocos\core\cocos2d.dir\debug\ccpudoplacementparticleeventhandlertranslator.obj
n:\source\test\testgame\proj.win32\engine\cocos\core\cocos2d.dir\debug\ccpueventhandlertranslator.obj
n:\source\test\testgame\proj.win32\engine\cocos\core\cocos2d.dir\debug\ccpuoncountobserver.obj
n:\source\test\testgame\proj.win32\engine\cocos\core\cocos2d.dir\debug\ccpuonpositionobserver.obj
n:\source\test\testgame\proj.win32\engine\cocos\core\cocos2d.dir\debug\ccpuontimeobservertranslator.obj
n:\source\test\testgame\proj.win32\engine\cocos\core\cocos2d.dir\debug\cocos2d.obj
n:\source\test\testgame\proj.win32\engine\cocos\core\cocos2d.dir\debug\ccactioninterval.obj
n:\source\test\testgame\proj.win32\engine\cocos\core\cocos2d.dir\debug\cccomponent.obj
n:\source\test\testgame\proj.win32\engine\cocos\core\cocos2d.dir\debug\ccfontatlascache.obj
n:\source\test\testgame\proj.win32\engine\cocos\core\cocos2d.dir\debug\ccmenu.obj
n:\source\test\testgame\proj.win32\engine\cocos\core\cocos2d.dir\debug\ccprotectednode.obj
n:\source\test\testgame\proj.win32\engine\cocos\core\cocos2d.dir\debug\ccspriteframecache.obj
n:\source\test\testgame\proj.win32\engine\cocos\core\cocos2d.dir\debug\ccattachnode.obj
n:\source\test\testgame\proj.win32\engine\cocos\core\cocos2d.dir\debug\ccbundlereader.obj
n:\source\test\testgame\proj.win32\engine\cocos\core\cocos2d.dir\debug\ccmeshskin.obj
n:\source\test\testgame\proj.win32\engine\cocos\core\cocos2d.dir\debug\ccobjloader.obj
n:\source\test\testgame\proj.win32\engine\cocos\core\cocos2d.dir\debug\ccglview.obj
n:\source\test\testgame\proj.win32\engine\cocos\core\cocos2d.dir\debug\ccphysicsjoint.obj
n:\source\test\testgame\proj.win32\engine\cocos\core\cocos2d.dir\debug\ccphysics3dobject.obj
n:\source\test\testgame\proj.win32\engine\cocos\core\cocos2d.dir\debug\ccnavmesh.obj
n:\source\test\testgame\proj.win32\engine\cocos\core\cocos2d.dir\debug\ccpass.obj
n:\source\test\testgame\proj.win32\engine\cocos\core\cocos2d.dir\debug\cctexturecube.obj
n:\source\test\testgame\proj.win32\engine\cocos\core\cocos2d.dir\debug\shadermodule.obj
n:\source\test\testgame\proj.win32\engine\cocos\core\cocos2d.dir\debug\program.obj
n:\source\test\testgame\proj.win32\engine\cocos\core\cocos2d.dir\debug\depthstencilstategl.obj
n:\source\test\testgame\proj.win32\engine\cocos\core\cocos2d.dir\debug\texturegl.obj
n:\source\test\testgame\proj.win32\engine\cocos\core\cocos2d.dir\debug\ccconfiguration.obj
n:\source\test\testgame\proj.win32\engine\cocos\core\cocos2d.dir\debug\cceventcustom.obj
n:\source\test\testgame\proj.win32\engine\cocos\core\cocos2d.dir\debug\cceventlistenercustom.obj
n:\source\test\testgame\proj.win32\engine\cocos\core\cocos2d.dir\debug\cceventmouse.obj
n:\source\test\testgame\proj.win32\engine\cocos\core\cocos2d.dir\debug\ccns.obj
n:\source\test\testgame\proj.win32\engine\cocos\core\cocos2d.dir\debug\ccscriptsupport.obj
n:\source\test\testgame\proj.win32\engine\cocos\core\cocos2d.dir\debug\ccvalue.obj
n:\source\test\testgame\proj.win32\engine\cocos\core\cocos2d.dir\debug\audioengine.obj
n:\source\test\testgame\proj.win32\engine\cocos\core\cocos2d.dir\debug\uihelper.obj
n:\source\test\testgame\proj.win32\engine\cocos\core\cocos2d.dir\debug\uipageview.obj
n:\source\test\testgame\proj.win32\engine\cocos\core\cocos2d.dir\debug\uiscrollviewbar.obj
n:\source\test\testgame\proj.win32\engine\cocos\core\cocos2d.dir\debug\uiwidget.obj
n:\source\test\testgame\proj.win32\engine\cocos\core\cocos2d.dir\debug\ccactionframe.obj
n:\source\test\testgame\proj.win32\engine\cocos\core\cocos2d.dir\debug\ccactionnode.obj
n:\source\test\testgame\proj.win32\engine\cocos\core\cocos2d.dir\debug\ccbatchnode.obj
n:\source\test\testgame\proj.win32\engine\cocos\core\cocos2d.dir\debug\cccomrender.obj
n:\source\test\testgame\proj.win32\engine\cocos\core\cocos2d.dir\debug\cccomextensiondata.obj
n:\source\test\testgame\proj.win32\engine\cocos\core\cocos2d.dir\debug\widgetcallbackhandlerprotocol.obj
n:\source\test\testgame\proj.win32\engine\cocos\core\cocos2d.dir\debug\singlenodereader.obj
n:\source\test\testgame\proj.win32\engine\cocos\core\cocos2d.dir\debug\gamemapreader.obj
n:\source\test\testgame\proj.win32\engine\cocos\core\cocos2d.dir\debug\textfieldreader.obj
n:\source\test\testgame\proj.win32\engine\cocos\core\cocos2d.dir\debug\particle3dreader.obj
n:\source\test\testgame\proj.win32\engine\cocos\core\cocos2d.dir\debug\gamenode3dreader.obj
n:\source\test\testgame\proj.win32\engine\cocos\core\cocos2d.dir\debug\ccframe.obj
n:\source\test\testgame\proj.win32\engine\cocos\core\cocos2d.dir\debug\tabcontrolreader.obj
n:\source\test\testgame\proj.win32\engine\cocos\core\cocos2d.dir\debug\cccontrolpotentiometer.obj
n:\source\test\testgame\proj.win32\engine\cocos\core\cocos2d.dir\debug\cccontrolstepper.obj
n:\source\test\testgame\proj.win32\engine\cocos\core\cocos2d.dir\debug\ccinvocation.obj
n:\source\test\testgame\proj.win32\engine\cocos\core\cocos2d.dir\debug\ccphysicsdebugnode.obj
n:\source\test\testgame\proj.win32\engine\cocos\core\cocos2d.dir\debug\ccpudynamicattribute.obj
n:\source\test\testgame\proj.win32\engine\cocos\core\cocos2d.dir\debug\ccpumaterialtranslator.obj
n:\source\test\testgame\proj.win32\engine\cocos\core\cocos2d.dir\debug\ccpusimplespline.obj
n:\source\test\testgame\proj.win32\engine\cocos\core\cocos2d.dir\debug\ccpuparticlesystem3d.obj
n:\source\test\testgame\proj.win32\engine\cocos\core\cocos2d.dir\debug\ccpuflockcenteringaffector.obj
n:\source\test\testgame\proj.win32\engine\cocos\core\cocos2d.dir\debug\ccpugravityaffector.obj
n:\source\test\testgame\proj.win32\engine\cocos\core\cocos2d.dir\debug\ccpulinearforceaffector.obj
n:\source\test\testgame\proj.win32\engine\cocos\core\cocos2d.dir\debug\ccpupathfollowertranslator.obj
n:\source\test\testgame\proj.win32\engine\cocos\core\cocos2d.dir\debug\ccpusineforceaffectortranslator.obj
n:\source\test\testgame\proj.win32\engine\cocos\core\cocos2d.dir\debug\ccpuvortexaffector.obj
n:\source\test\testgame\proj.win32\engine\cocos\core\cocos2d.dir\debug\ccpuemittermanager.obj
n:\source\test\testgame\proj.win32\engine\cocos\core\cocos2d.dir\debug\ccpupointemittertranslator.obj
n:\source\test\testgame\proj.win32\engine\cocos\core\cocos2d.dir\debug\ccpubeamrender.obj
n:\source\test\testgame\proj.win32\engine\cocos\core\cocos2d.dir\debug\ccpudofreezeeventhandler.obj
n:\source\test\testgame\proj.win32\engine\cocos\core\cocos2d.dir\debug\ccpudostopsystemeventhandler.obj
n:\source\test\testgame\proj.win32\engine\cocos\core\cocos2d.dir\debug\ccpuobservertranslator.obj
n:\source\test\testgame\proj.win32\engine\cocos\core\cocos2d.dir\debug\ccpuonexpireobserver.obj
n:\source\test\testgame\proj.win32\engine\cocos\core\cocos2d.dir\debug\ccpuonrandomobservertranslator.obj
n:\source\test\testgame\proj.win32\engine\cocos\core\cocos2d.dir\debug\ccpuslavebehaviourtranslator.obj
n:\source\test\testgame\proj.win32\engine\cocos\core\cocos2d.dir\debug\ccactioninstant.obj
n:\source\test\testgame\proj.win32\engine\cocos\core\cocos2d.dir\debug\ccanimationcache.obj
n:\source\test\testgame\proj.win32\engine\cocos\core\cocos2d.dir\debug\ccfontatlas.obj
n:\source\test\testgame\proj.win32\engine\cocos\core\cocos2d.dir\debug\ccmenuitem.obj
n:\source\test\testgame\proj.win32\engine\cocos\core\cocos2d.dir\debug\ccparallaxnode.obj
n:\source\test\testgame\proj.win32\engine\cocos\core\cocos2d.dir\debug\ccparticlesystemquad.obj
n:\source\test\testgame\proj.win32\engine\cocos\core\cocos2d.dir\debug\ccscene.obj
n:\source\test\testgame\proj.win32\engine\cocos\core\cocos2d.dir\debug\cctmxlayer.obj
n:\source\test\testgame\proj.win32\engine\cocos\core\cocos2d.dir\debug\cctransitionprogress.obj
n:\source\test\testgame\proj.win32\engine\cocos\core\cocos2d.dir\debug\ccbundle3ddata.obj
n:\source\test\testgame\proj.win32\engine\cocos\core\cocos2d.dir\debug\ccfrustum.obj
n:\source\test\testgame\proj.win32\engine\cocos\core\cocos2d.dir\debug\ccmeshvertexindexdata.obj
n:\source\test\testgame\proj.win32\engine\cocos\core\cocos2d.dir\debug\ccskeleton3d.obj
n:\source\test\testgame\proj.win32\engine\cocos\core\cocos2d.dir\debug\cc3dprograminfo.obj
n:\source\test\testgame\proj.win32\engine\cocos\core\cocos2d.dir\debug\ccfileutils-win32.obj
n:\source\test\testgame\proj.win32\engine\cocos\core\cocos2d.dir\debug\ccphysics3dworld.obj
n:\source\test\testgame\proj.win32\engine\cocos\core\cocos2d.dir\debug\ccrendercommand.obj
n:\source\test\testgame\proj.win32\engine\cocos\core\cocos2d.dir\debug\ccrenderer.obj
n:\source\test\testgame\proj.win32\engine\cocos\core\cocos2d.dir\debug\shadercache.obj
n:\source\test\testgame\proj.win32\engine\cocos\core\cocos2d.dir\debug\utilsgl.obj
n:\source\test\testgame\proj.win32\engine\cocos\core\cocos2d.dir\debug\ccconsole.obj
n:\source\test\testgame\proj.win32\engine\cocos\core\cocos2d.dir\debug\audiocache.obj
n:\source\test\testgame\proj.win32\engine\cocos\core\cocos2d.dir\debug\cocosgui.obj
n:\source\test\testgame\proj.win32\engine\cocos\core\cocos2d.dir\debug\uiimageview.obj
n:\source\test\testgame\proj.win32\engine\cocos\core\cocos2d.dir\debug\uipageviewindicator.obj
n:\source\test\testgame\proj.win32\engine\cocos\core\cocos2d.dir\debug\uislider.obj
n:\source\test\testgame\proj.win32\engine\cocos\core\cocos2d.dir\debug\uieditbox.obj
n:\source\test\testgame\proj.win32\engine\cocos\core\cocos2d.dir\debug\websocket.obj
n:\source\test\testgame\proj.win32\engine\cocos\core\cocos2d.dir\debug\ccarmaturedefine.obj
n:\source\test\testgame\proj.win32\engine\cocos\core\cocos2d.dir\debug\ccbone.obj
n:\source\test\testgame\proj.win32\engine\cocos\core\cocos2d.dir\debug\ccdatas.obj
n:\source\test\testgame\proj.win32\engine\cocos\core\cocos2d.dir\debug\cctransformhelp.obj
n:\source\test\testgame\proj.win32\engine\cocos\core\cocos2d.dir\debug\ccutilmath.obj
n:\source\test\testgame\proj.win32\engine\cocos\core\cocos2d.dir\debug\cocoloader.obj
n:\source\test\testgame\proj.win32\engine\cocos\core\cocos2d.dir\debug\triggerbase.obj
n:\source\test\testgame\proj.win32\engine\cocos\core\cocos2d.dir\debug\particlereader.obj
n:\source\test\testgame\proj.win32\engine\cocos\core\cocos2d.dir\debug\listviewreader.obj
n:\source\test\testgame\proj.win32\engine\cocos\core\cocos2d.dir\debug\sprite3dreader.obj
n:\source\test\testgame\proj.win32\engine\cocos\core\cocos2d.dir\debug\scrollviewreader.obj
n:\source\test\testgame\proj.win32\engine\cocos\core\cocos2d.dir\debug\ccskeletonnode.obj
n:\source\test\testgame\proj.win32\engine\cocos\core\cocos2d.dir\debug\cceventlistenerassetsmanagerex.obj
n:\source\test\testgame\proj.win32\engine\cocos\core\cocos2d.dir\debug\cccontrolhuepicker.obj
n:\source\test\testgame\proj.win32\engine\cocos\core\cocos2d.dir\debug\cccontrolsaturationbrightnesspicker.obj
n:\source\test\testgame\proj.win32\engine\cocos\core\cocos2d.dir\debug\cccontrolswitch.obj
n:\source\test\testgame\proj.win32\engine\cocos\core\cocos2d.dir\debug\cctableview.obj
n:\source\test\testgame\proj.win32\engine\cocos\core\cocos2d.dir\debug\ccpumaterialmanager.obj
n:\source\test\testgame\proj.win32\engine\cocos\core\cocos2d.dir\debug\ccpuparticlesystem3dtranslator.obj
n:\source\test\testgame\proj.win32\engine\cocos\core\cocos2d.dir\debug\ccpualignaffectortranslator.obj
n:\source\test\testgame\proj.win32\engine\cocos\core\cocos2d.dir\debug\ccpucollisionavoidanceaffectortranslator.obj
n:\source\test\testgame\proj.win32\engine\cocos\core\cocos2d.dir\debug\ccpuforcefieldaffectortranslator.obj
n:\source\test\testgame\proj.win32\engine\cocos\core\cocos2d.dir\debug\ccpulineaffectortranslator.obj
n:\source\test\testgame\proj.win32\engine\cocos\core\cocos2d.dir\debug\ccpuscaleaffector.obj
n:\source\test\testgame\proj.win32\engine\cocos\core\cocos2d.dir\debug\ccpuspherecollider.obj
n:\source\test\testgame\proj.win32\engine\cocos\core\cocos2d.dir\debug\ccpuvelocitymatchingaffectortranslator.obj
n:\source\test\testgame\proj.win32\engine\cocos\core\cocos2d.dir\debug\ccpuemittertranslator.obj
n:\source\test\testgame\proj.win32\engine\cocos\core\cocos2d.dir\debug\ccpuspheresurfaceemitter.obj
n:\source\test\testgame\proj.win32\engine\cocos\core\cocos2d.dir\debug\ccpuribbontrail.obj
n:\source\test\testgame\proj.win32\engine\cocos\core\cocos2d.dir\debug\ccpudoscaleeventhandler.obj
n:\source\test\testgame\proj.win32\engine\cocos\core\cocos2d.dir\debug\ccpuobservermanager.obj
n:\source\test\testgame\proj.win32\engine\cocos\core\cocos2d.dir\debug\ccpuoncountobservertranslator.obj
n:\source\test\testgame\proj.win32\engine\cocos\core\cocos2d.dir\debug\ccpuonquotaobserver.obj
n:\source\test\testgame\proj.win32\engine\cocos\core\cocos2d.dir\debug\ccpuonvelocityobservertranslator.obj
n:\source\test\testgame\proj.win32\engine\cocos\core\cocos2d.dir\debug\ccactionease.obj
n:\source\test\testgame\proj.win32\engine\cocos\core\cocos2d.dir\debug\ccactiontween.obj
n:\source\test\testgame\proj.win32\engine\cocos\core\cocos2d.dir\debug\cccamerabackgroundbrush.obj
n:\source\test\testgame\proj.win32\engine\cocos\core\cocos2d.dir\debug\ccfontcharmap.obj
n:\source\test\testgame\proj.win32\engine\cocos\core\cocos2d.dir\debug\cclabel.obj
n:\source\test\testgame\proj.win32\engine\cocos\core\cocos2d.dir\debug\ccspriteframe.obj
n:\source\test\testgame\proj.win32\engine\cocos\core\cocos2d.dir\debug\cctextfieldttf.obj
n:\source\test\testgame\proj.win32\engine\cocos\core\cocos2d.dir\debug\cctmxobjectgroup.obj
n:\source\test\testgame\proj.win32\engine\cocos\core\cocos2d.dir\debug\cctweenfunction.obj
n:\source\test\testgame\proj.win32\engine\cocos\core\cocos2d.dir\debug\ccaabb.obj
n:\source\test\testgame\proj.win32\engine\cocos\core\cocos2d.dir\debug\ccbundle3d.obj
n:\source\test\testgame\proj.win32\engine\cocos\core\cocos2d.dir\debug\ccdevice-win32.obj
n:\source\test\testgame\proj.win32\engine\cocos\core\cocos2d.dir\debug\ccfileutils.obj
n:\source\test\testgame\proj.win32\engine\cocos\core\cocos2d.dir\debug\depthstencilstate.obj
n:\source\test\testgame\proj.win32\engine\cocos\core\cocos2d.dir\debug\vertexlayout.obj
n:\source\test\testgame\proj.win32\engine\cocos\core\cocos2d.dir\debug\devicegl.obj
n:\source\test\testgame\proj.win32\engine\cocos\core\cocos2d.dir\debug\deviceinfogl.obj
n:\source\test\testgame\proj.win32\engine\cocos\core\cocos2d.dir\debug\cccontroller.obj
n:\source\test\testgame\proj.win32\engine\cocos\core\cocos2d.dir\debug\cceventlisteneracceleration.obj
n:\source\test\testgame\proj.win32\engine\cocos\core\cocos2d.dir\debug\cceventlistenertouch.obj
n:\source\test\testgame\proj.win32\engine\cocos\core\cocos2d.dir\debug\ccproperties.obj
n:\source\test\testgame\proj.win32\engine\cocos\core\cocos2d.dir\debug\tgalib.obj
n:\source\test\testgame\proj.win32\engine\cocos\core\cocos2d.dir\debug\atitc.obj
n:\source\test\testgame\proj.win32\engine\cocos\core\cocos2d.dir\debug\base64.obj
n:\source\test\testgame\proj.win32\engine\cocos\core\cocos2d.dir\debug\ccrandom.obj
n:\source\test\testgame\proj.win32\engine\cocos\core\cocos2d.dir\debug\etc1.obj
n:\source\test\testgame\proj.win32\engine\cocos\core\cocos2d.dir\debug\s3tc.obj
n:\source\test\testgame\proj.win32\engine\cocos\core\cocos2d.dir\debug\mciplayer.obj
n:\source\test\testgame\proj.win32\engine\cocos\core\cocos2d.dir\debug\audiodecodermanager.obj
n:\source\test\testgame\proj.win32\engine\cocos\core\cocos2d.dir\debug\audiodecoderogg.obj
n:\source\test\testgame\proj.win32\engine\cocos\core\cocos2d.dir\debug\uibutton.obj
n:\source\test\testgame\proj.win32\engine\cocos\core\cocos2d.dir\debug\uiradiobutton.obj
n:\source\test\testgame\proj.win32\engine\cocos\core\cocos2d.dir\debug\uiloadingbar.obj
n:\source\test\testgame\proj.win32\engine\cocos\core\cocos2d.dir\debug\uirichtext.obj
n:\source\test\testgame\proj.win32\engine\cocos\core\cocos2d.dir\debug\cccomattribute.obj
n:\source\test\testgame\proj.win32\engine\cocos\core\cocos2d.dir\debug\ccdecorativedisplay.obj
n:\source\test\testgame\proj.win32\engine\cocos\core\cocos2d.dir\debug\ccsguireader.obj
n:\source\test\testgame\proj.win32\engine\cocos\core\cocos2d.dir\debug\cocostudio.obj
n:\source\test\testgame\proj.win32\engine\cocos\core\cocos2d.dir\debug\widgetreader.obj
n:\source\test\testgame\proj.win32\engine\cocos\core\cocos2d.dir\debug\node3dreader.obj
n:\source\test\testgame\proj.win32\engine\cocos\core\cocos2d.dir\debug\layoutreader.obj
n:\source\test\testgame\proj.win32\engine\cocos\core\cocos2d.dir\debug\ccactiontimelinenode.obj
n:\source\test\testgame\proj.win32\engine\cocos\core\cocos2d.dir\debug\assetsmanager.obj
n:\source\test\testgame\proj.win32\engine\cocos\core\cocos2d.dir\debug\manifest.obj
n:\source\test\testgame\proj.win32\engine\cocos\core\cocos2d.dir\debug\ccphysicssprite.obj
n:\source\test\testgame\proj.win32\engine\cocos\core\cocos2d.dir\debug\ccpuforcefield.obj
n:\source\test\testgame\proj.win32\engine\cocos\core\cocos2d.dir\debug\ccpunoise.obj
n:\source\test\testgame\proj.win32\engine\cocos\core\cocos2d.dir\debug\ccpuscriptcompiler.obj
n:\source\test\testgame\proj.win32\engine\cocos\core\cocos2d.dir\debug\ccpubasecollider.obj
n:\source\test\testgame\proj.win32\engine\cocos\core\cocos2d.dir\debug\ccpucollisionavoidanceaffector.obj
n:\source\test\testgame\proj.win32\engine\cocos\core\cocos2d.dir\debug\ccpuforcefieldaffector.obj
n:\source\test\testgame\proj.win32\engine\cocos\core\cocos2d.dir\debug\ccpuinterparticlecollidertranslator.obj
n:\source\test\testgame\proj.win32\engine\cocos\core\cocos2d.dir\debug\ccpupathfollower.obj
n:\source\test\testgame\proj.win32\engine\cocos\core\cocos2d.dir\debug\ccpuscaleaffectortranslator.obj
n:\source\test\testgame\proj.win32\engine\cocos\core\cocos2d.dir\debug\ccputexturerotator.obj
n:\source\test\testgame\proj.win32\engine\cocos\core\cocos2d.dir\debug\ccpuboxemittertranslator.obj
n:\source\test\testgame\proj.win32\engine\cocos\core\cocos2d.dir\debug\ccpumeshsurfaceemittertranslator.obj
n:\source\test\testgame\proj.win32\engine\cocos\core\cocos2d.dir\debug\ccpuvertexemitter.obj
n:\source\test\testgame\proj.win32\engine\cocos\core\cocos2d.dir\debug\ccpudoenablecomponenteventhandler.obj
n:\source\test\testgame\proj.win32\engine\cocos\core\cocos2d.dir\debug\ccpudoexpireeventhandlertranslator.obj
n:\source\test\testgame\proj.win32\engine\cocos\core\cocos2d.dir\debug\ccpueventhandler.obj
n:\source\test\testgame\proj.win32\engine\cocos\core\cocos2d.dir\debug\ccpuonclearobservertranslator.obj
n:\source\test\testgame\proj.win32\engine\cocos\core\cocos2d.dir\debug\ccpuoneventflagobserver.obj
n:\source\test\testgame\proj.win32\engine\cocos\core\cocos2d.dir\debug\ccpuonquotaobservertranslator.obj
n:\source\test\testgame\proj.win32\engine\cocos\core\cocos2d.dir\debug\ccpubehaviourtranslator.obj
n:\source\test\testgame\proj.win32\engine\cocos\core\cocos2d.dir\debug\ccactioncamera.obj
n:\source\test\testgame\proj.win32\engine\cocos\core\cocos2d.dir\debug\ccactionpageturn3d.obj
n:\source\test\testgame\proj.win32\engine\cocos\core\cocos2d.dir\debug\cccamera.obj
n:\source\test\testgame\proj.win32\engine\cocos\core\cocos2d.dir\debug\ccfasttmxlayer.obj
n:\source\test\testgame\proj.win32\engine\cocos\core\cocos2d.dir\debug\ccmotionstreak.obj
n:\source\test\testgame\proj.win32\engine\cocos\core\cocos2d.dir\debug\ccparticlebatchnode.obj
n:\source\test\testgame\proj.win32\engine\cocos\core\cocos2d.dir\debug\ccrendertexture.obj
n:\source\test\testgame\proj.win32\engine\cocos\core\cocos2d.dir\debug\cctransition.obj
n:\source\test\testgame\proj.win32\engine\cocos\core\cocos2d.dir\debug\ccvertexattribbinding.obj
n:\source\test\testgame\proj.win32\engine\cocos\core\cocos2d.dir\debug\inet_pton_mingw.obj
n:\source\test\testgame\proj.win32\engine\cocos\core\cocos2d.dir\debug\ccsaxparser.obj
n:\source\test\testgame\proj.win32\engine\cocos\core\cocos2d.dir\debug\ccphysicscontact.obj
n:\source\test\testgame\proj.win32\engine\cocos\core\cocos2d.dir\debug\ccphysics3dcomponent.obj
n:\source\test\testgame\proj.win32\engine\cocos\core\cocos2d.dir\debug\ccaffinetransform.obj
n:\source\test\testgame\proj.win32\engine\cocos\core\cocos2d.dir\debug\ccgeometry.obj
n:\source\test\testgame\proj.win32\engine\cocos\core\cocos2d.dir\debug\mat4.obj
n:\source\test\testgame\proj.win32\engine\cocos\core\cocos2d.dir\debug\transformutils.obj
n:\source\test\testgame\proj.win32\engine\cocos\core\cocos2d.dir\debug\vec4.obj
n:\source\test\testgame\proj.win32\engine\cocos\core\cocos2d.dir\debug\ccnavmeshobstacle.obj
n:\source\test\testgame\proj.win32\engine\cocos\core\cocos2d.dir\debug\ccgroupcommand.obj
n:\source\test\testgame\proj.win32\engine\cocos\core\cocos2d.dir\debug\cctexturecache.obj
n:\source\test\testgame\proj.win32\engine\cocos\core\cocos2d.dir\debug\programgl.obj
n:\source\test\testgame\proj.win32\engine\cocos\core\cocos2d.dir\debug\cceventlistener.obj
n:\source\test\testgame\proj.win32\engine\cocos\core\cocos2d.dir\debug\cceventlistenerkeyboard.obj
n:\source\test\testgame\proj.win32\engine\cocos\core\cocos2d.dir\debug\ccimedispatcher.obj
n:\source\test\testgame\proj.win32\engine\cocos\core\cocos2d.dir\debug\ccuserdefault.obj
n:\source\test\testgame\proj.win32\engine\cocos\core\cocos2d.dir\debug\ziputils.obj
n:\source\test\testgame\proj.win32\engine\cocos\core\cocos2d.dir\debug\audioplayer.obj
n:\source\test\testgame\proj.win32\engine\cocos\core\cocos2d.dir\debug\uiabstractcheckbutton.obj
n:\source\test\testgame\proj.win32\engine\cocos\core\cocos2d.dir\debug\uilayoutmanager.obj
n:\source\test\testgame\proj.win32\engine\cocos\core\cocos2d.dir\debug\uiscale9sprite.obj
n:\source\test\testgame\proj.win32\engine\cocos\core\cocos2d.dir\debug\uitextatlas.obj
n:\source\test\testgame\proj.win32\engine\cocos\core\cocos2d.dir\debug\uilayoutcomponent.obj
n:\source\test\testgame\proj.win32\engine\cocos\core\cocos2d.dir\debug\ccdownloader-curl.obj
n:\source\test\testgame\proj.win32\engine\cocos\core\cocos2d.dir\debug\cccolliderdetector.obj
n:\source\test\testgame\proj.win32\engine\cocos\core\cocos2d.dir\debug\cccomcontroller.obj
n:\source\test\testgame\proj.win32\engine\cocos\core\cocos2d.dir\debug\ccprocessbase.obj
n:\source\test\testgame\proj.win32\engine\cocos\core\cocos2d.dir\debug\ccsscenereader.obj
n:\source\test\testgame\proj.win32\engine\cocos\core\cocos2d.dir\debug\spritereader.obj
n:\source\test\testgame\proj.win32\engine\cocos\core\cocos2d.dir\debug\loadingbarreader.obj
n:\source\test\testgame\proj.win32\engine\cocos\core\cocos2d.dir\debug\usercamerareader.obj
n:\source\test\testgame\proj.win32\engine\cocos\core\cocos2d.dir\debug\imageviewreader.obj
n:\source\test\testgame\proj.win32\engine\cocos\core\cocos2d.dir\debug\csloader.obj
n:\source\test\testgame\proj.win32\engine\cocos\core\cocos2d.dir\debug\ccpuutil.obj
n:\source\test\testgame\proj.win32\engine\cocos\core\cocos2d.dir\debug\ccpulistener.obj
n:\source\test\testgame\proj.win32\engine\cocos\core\cocos2d.dir\debug\ccpuaffectortranslator.obj
n:\source\test\testgame\proj.win32\engine\cocos\core\cocos2d.dir\debug\ccpucoloraffector.obj
n:\source\test\testgame\proj.win32\engine\cocos\core\cocos2d.dir\debug\ccpuinterparticlecollider.obj
n:\source\test\testgame\proj.win32\engine\cocos\core\cocos2d.dir\debug\ccpulinearforceaffectortranslator.obj
n:\source\test\testgame\proj.win32\engine\cocos\core\cocos2d.dir\debug\ccpurandomisertranslator.obj
n:\source\test\testgame\proj.win32\engine\cocos\core\cocos2d.dir\debug\ccputextureanimator.obj
n:\source\test\testgame\proj.win32\engine\cocos\core\cocos2d.dir\debug\ccpuvortexaffectortranslator.obj
n:\source\test\testgame\proj.win32\engine\cocos\core\cocos2d.dir\debug\ccpulineemittertranslator.obj
n:\source\test\testgame\proj.win32\engine\cocos\core\cocos2d.dir\debug\ccpuslaveemittertranslator.obj
n:\source\test\testgame\proj.win32\engine\cocos\core\cocos2d.dir\debug\ccpuribbontrailrender.obj
n:\source\test\testgame\proj.win32\engine\cocos\core\cocos2d.dir\debug\ccpudoplacementparticleeventhandler.obj
n:\source\test\testgame\proj.win32\engine\cocos\core\cocos2d.dir\debug\ccpuobserver.obj
n:\source\test\testgame\proj.win32\engine\cocos\core\cocos2d.dir\debug\ccpuonemissionobservertranslator.obj
n:\source\test\testgame\proj.win32\engine\cocos\core\cocos2d.dir\debug\ccpuonrandomobserver.obj
n:\source\test\testgame\proj.win32\engine\cocos\core\cocos2d.dir\debug\ccpubehaviour.obj
n:\source\test\testgame\proj.win32\engine\cocos\core\cmakefiles\generate.stamp
n:\source\test\testgame\proj.win32\lib\debug\cocos2d.lib
n:\source\test\testgame\proj.win32\engine\cocos\core\cocos2d.dir\debug\cocos2d.tlog\cl.command.1.tlog
n:\source\test\testgame\proj.win32\engine\cocos\core\cocos2d.dir\debug\cocos2d.tlog\cl.read.1.tlog
n:\source\test\testgame\proj.win32\engine\cocos\core\cocos2d.dir\debug\cocos2d.tlog\cl.write.1.tlog
n:\source\test\testgame\proj.win32\engine\cocos\core\cocos2d.dir\debug\cocos2d.tlog\custombuild.command.1.tlog
n:\source\test\testgame\proj.win32\engine\cocos\core\cocos2d.dir\debug\cocos2d.tlog\custombuild.read.1.tlog
n:\source\test\testgame\proj.win32\engine\cocos\core\cocos2d.dir\debug\cocos2d.tlog\custombuild.write.1.tlog
n:\source\test\testgame\proj.win32\engine\cocos\core\cocos2d.dir\debug\cocos2d.tlog\lib-link.read.1.tlog
n:\source\test\testgame\proj.win32\engine\cocos\core\cocos2d.dir\debug\cocos2d.tlog\lib-link.write.1.tlog
n:\source\test\testgame\proj.win32\engine\cocos\core\cocos2d.dir\debug\cocos2d.tlog\lib.command.1.tlog
